Build started 5/13/2014 3:00:57 PM.
     1>Project "C:\Users\leonx\Documents\Visual Studio 2010\Projects\xxh.CppPrimer\xxh.CppPrimer\xxh.CppPrimer.vcxproj" on node 2 (build target(s)).
     1>InitializeBuildStatus:
         Creating "Debug\xxh.CppPrimer.unsuccessfulbuild" because "AlwaysCreate" was specified.
       ClCompile:
         C:\Program Files (x86)\Microsoft Visual Studio 10.0\VC\bin\CL.exe /c /ZI /nologo /W3 /WX- /Od /Oy- /D _MBCS /Gm /EHsc /RTC1 /MDd /GS /fp:precise /Zc:wchar_t /Zc:forScope /Fo"Debug\\" /Fd"Debug\vc100.pdb" /Gd /TP /analyze- /errorReport:prompt primelist.cpp
         primelist.cpp
       Link:
         C:\Program Files (x86)\Microsoft Visual Studio 10.0\VC\bin\link.exe /ERRORREPORT:PROMPT /OUT:"C:\Users\leonx\Documents\Visual Studio 2010\Projects\xxh.CppPrimer\Debug\xxh.CppPrimer.exe" /NOLOGO kernel32.lib user32.lib gdi32.lib winspool.lib comdlg32.lib advapi32.lib shell32.lib ole32.lib oleaut32.lib uuid.lib odbc32.lib odbccp32.lib /MANIFEST /ManifestFile:"Debug\xxh.CppPrimer.exe.intermediate.manifest" /MANIFESTUAC:"level='asInvoker' uiAccess='false'" /DEBUG /PDB:"C:\Users\leonx\Documents\Visual Studio 2010\Projects\xxh.CppPrimer\Debug\xxh.CppPrimer.pdb" /TLBID:1 /DYNAMICBASE /NXCOMPAT /IMPLIB:"C:\Users\leonx\Documents\Visual Studio 2010\Projects\xxh.CppPrimer\Debug\xxh.CppPrimer.lib" /MACHINE:X86 Debug\myfirst.obj
         Debug\primelist.obj
         LINK : C:\Users\leonx\Documents\Visual Studio 2010\Projects\xxh.CppPrimer\Debug\xxh.CppPrimer.exe not found or not built by the last incremental link; performing full link
         xxh.CppPrimer.vcxproj -> C:\Users\leonx\Documents\Visual Studio 2010\Projects\xxh.CppPrimer\Debug\xxh.CppPrimer.exe
       Manifest:
         C:\Program Files (x86)\Microsoft SDKs\Windows\v7.0A\bin\mt.exe /nologo /verbose /outputresource:"C:\Users\leonx\Documents\Visual Studio 2010\Projects\xxh.CppPrimer\Debug\xxh.CppPrimer.exe;#1" /manifest Debug\xxh.CppPrimer.exe.intermediate.manifest
       FinalizeBuildStatus:
         Deleting file "Debug\xxh.CppPrimer.unsuccessfulbuild".
         Touching "Debug\xxh.CppPrimer.lastbuildstate".
     1>Done Building Project "C:\Users\leonx\Documents\Visual Studio 2010\Projects\xxh.CppPrimer\xxh.CppPrimer\xxh.CppPrimer.vcxproj" (build target(s)).

Build succeeded.

Time Elapsed 00:00:02.29
